# JRE version: OpenJDK Runtime Environment (8.0_212-b04) (build 1.8.0_212-release-1586-b04)
# Java VM: OpenJDK 64-Bit Server VM (25.212-b04 mixed mode windows-amd64 compressed oops)
Heap:
 PSYoungGen      total 114176K, used 73883K [0x00000000e0000000, 0x00000000e8980000, 0x0000000100000000)
  eden space 107008K, 69% used [0x00000000e0000000,0x00000000e4826d80,0x00000000e6880000)
  from space 7168K, 0% used [0x00000000e8280000,0x00000000e8280000,0x00000000e8980000)
  to   space 10752K, 0% used [0x00000000e7480000,0x00000000e7480000,0x00000000e7f00000)
 ParOldGen       total 72704K, used 16833K [0x00000000a0000000, 0x00000000a4700000, 0x00000000e0000000)
  object space 72704K, 23% used [0x00000000a0000000,0x00000000a1070738,0x00000000a4700000)
 Metaspace       used 41926K, capacity 43100K, committed 43392K, reserved 1087488K
  class space    used 5656K, capacity 5955K, committed 6016K, reserved 1048576K
GC Heap History (10 events):
Event: 5.363 GC heap before
{Heap before GC invocations=8 (full 1):
 PSYoungGen      total 72704K, used 5575K [0x00000000e0000000, 0x00000000e8d00000, 0x0000000100000000)
  eden space 61440K, 0% used [0x00000000e0000000,0x00000000e0000000,0x00000000e3c00000)
  from space 11264K, 49% used [0x00000000e3c00000,0x00000000e4171dd0,0x00000000e4700000)
  to   space 10752K, 0% used [0x00000000e8280000,0x00000000e8280000,0x00000000e8d00000)
 ParOldGen       total 83456K, used 8591K [0x00000000a0000000, 0x00000000a5180000, 0x00000000e0000000)
  object space 83456K, 10% used [0x00000000a0000000,0x00000000a0863f78,0x00000000a5180000)
 Metaspace       used 20701K, capacity 21200K, committed 21296K, reserved 1067008K
  class space    used 2992K, capacity 3139K, committed 3200K, reserved 1048576K
Event: 5.416 GC heap after
Heap after GC invocations=8 (full 1):
 PSYoungGen      total 72704K, used 0K [0x00000000e0000000, 0x00000000e8d00000, 0x0000000100000000)
  eden space 61440K, 0% used [0x00000000e0000000,0x00000000e0000000,0x00000000e3c00000)
  from space 11264K, 0% used [0x00000000e3c00000,0x00000000e3c00000,0x00000000e4700000)
  to   space 10752K, 0% used [0x00000000e8280000,0x00000000e8280000,0x00000000e8d00000)
 ParOldGen       total 50688K, used 8336K [0x00000000a0000000, 0x00000000a3180000, 0x00000000e0000000)
  object space 50688K, 16% used [0x00000000a0000000,0x00000000a0824090,0x00000000a3180000)
 Metaspace       used 20701K, capacity 21200K, committed 21296K, reserved 1067008K
  class space    used 2992K, capacity 3139K, committed 3200K, reserved 1048576K
}
Event: 6.589 GC heap before
{Heap before GC invocations=9 (full 1):
 PSYoungGen      total 72704K, used 61440K [0x00000000e0000000, 0x00000000e8d00000, 0x0000000100000000)
  eden space 61440K, 100% used [0x00000000e0000000,0x00000000e3c00000,0x00000000e3c00000)
  from space 11264K, 0% used [0x00000000e3c00000,0x00000000e3c00000,0x00000000e4700000)
  to   space 10752K, 0% used [0x00000000e8280000,0x00000000e8280000,0x00000000e8d00000)
 ParOldGen       total 50688K, used 8336K [0x00000000a0000000, 0x00000000a3180000, 0x00000000e0000000)
  object space 50688K, 16% used [0x00000000a0000000,0x00000000a0824090,0x00000000a3180000)
 Metaspace       used 27903K, capacity 28498K, committed 28672K, reserved 1073152K
  class space    used 3811K, capacity 4012K, committed 4096K, reserved 1048576K
Event: 6.598 GC heap after
Heap after GC invocations=9 (full 1):
 PSYoungGen      total 114176K, used 7131K [0x00000000e0000000, 0x00000000e8980000, 0x0000000100000000)
  eden space 107008K, 0% used [0x00000000e0000000,0x00000000e0000000,0x00000000e6880000)
  from space 7168K, 99% used [0x00000000e8280000,0x00000000e8976ed8,0x00000000e8980000)
  to   space 10752K, 0% used [0x00000000e7480000,0x00000000e7480000,0x00000000e7f00000)
 ParOldGen       total 50688K, used 8344K [0x00000000a0000000, 0x00000000a3180000, 0x00000000e0000000)
  object space 50688K, 16% used [0x00000000a0000000,0x00000000a0826090,0x00000000a3180000)
 Metaspace       used 27903K, capacity 28498K, committed 28672K, reserved 1073152K
  class space    used 3811K, capacity 4012K, committed 4096K, reserved 1048576K
}
Event: 9.230 GC heap before
{Heap before GC invocations=10 (full 1):
 PSYoungGen      total 114176K, used 114139K [0x00000000e0000000, 0x00000000e8980000, 0x0000000100000000)
  eden space 107008K, 100% used [0x00000000e0000000,0x00000000e6880000,0x00000000e6880000)
  from space 7168K, 99% used [0x00000000e8280000,0x00000000e8976ed8,0x00000000e8980000)
  to   space 10752K, 0% used [0x00000000e7480000,0x00000000e7480000,0x00000000e7f00000)
 ParOldGen       total 50688K, used 8344K [0x00000000a0000000, 0x00000000a3180000, 0x00000000e0000000)
  object space 50688K, 16% used [0x00000000a0000000,0x00000000a0826090,0x00000000a3180000)
 Metaspace       used 33968K, capacity 34780K, committed 34944K, reserved 1079296K
  class space    used 4661K, capacity 4896K, committed 4992K, reserved 1048576K
Event: 9.260 GC heap after
Heap after GC invocations=10 (full 1):
 PSYoungGen      total 117760K, used 10751K [0x00000000e0000000, 0x00000000e8980000, 0x0000000100000000)
  eden space 107008K, 0% used [0x00000000e0000000,0x00000000e0000000,0x00000000e6880000)
  from space 10752K, 99% used [0x00000000e7480000,0x00000000e7effd78,0x00000000e7f00000)
  to   space 7168K, 0% used [0x00000000e8280000,0x00000000e8280000,0x00000000e8980000)
 ParOldGen       total 50688K, used 10551K [0x00000000a0000000, 0x00000000a3180000, 0x00000000e0000000)
  object space 50688K, 20% used [0x00000000a0000000,0x00000000a0a4dd20,0x00000000a3180000)
 Metaspace       used 33968K, capacity 34780K, committed 34944K, reserved 1079296K
  class space    used 4661K, capacity 4896K, committed 4992K, reserved 1048576K
}
Event: 9.497 GC heap before
{Heap before GC invocations=11 (full 1):
 PSYoungGen      total 117760K, used 31848K [0x00000000e0000000, 0x00000000e8980000, 0x0000000100000000)
  eden space 107008K, 19% used [0x00000000e0000000,0x00000000e149a388,0x00000000e6880000)
  from space 10752K, 99% used [0x00000000e7480000,0x00000000e7effd78,0x00000000e7f00000)
  to   space 7168K, 0% used [0x00000000e8280000,0x00000000e8280000,0x00000000e8980000)
 ParOldGen       total 50688K, used 10551K [0x00000000a0000000, 0x00000000a3180000, 0x00000000e0000000)
  object space 50688K, 20% used [0x00000000a0000000,0x00000000a0a4dd20,0x00000000a3180000)
 Metaspace       used 34630K, capacity 35348K, committed 35496K, reserved 1079296K
  class space    used 4766K, capacity 4997K, committed 5120K, reserved 1048576K
Event: 9.510 GC heap after
Heap after GC invocations=11 (full 1):
 PSYoungGen      total 114176K, used 6536K [0x00000000e0000000, 0x00000000e8980000, 0x0000000100000000)
  eden space 107008K, 0% used [0x00000000e0000000,0x00000000e0000000,0x00000000e6880000)
  from space 7168K, 91% used [0x00000000e8280000,0x00000000e88e21b8,0x00000000e8980000)
  to   space 10752K, 0% used [0x00000000e7480000,0x00000000e7480000,0x00000000e7f00000)
 ParOldGen       total 50688K, used 13598K [0x00000000a0000000, 0x00000000a3180000, 0x00000000e0000000)
  object space 50688K, 26% used [0x00000000a0000000,0x00000000a0d47880,0x00000000a3180000)
 Metaspace       used 34630K, capacity 35348K, committed 35496K, reserved 1079296K
  class space    used 4766K, capacity 4997K, committed 5120K, reserved 1048576K
}
Event: 9.510 GC heap before
{Heap before GC invocations=12 (full 2):
 PSYoungGen      total 114176K, used 6536K [0x00000000e0000000, 0x00000000e8980000, 0x0000000100000000)
  eden space 107008K, 0% used [0x00000000e0000000,0x00000000e0000000,0x00000000e6880000)
  from space 7168K, 91% used [0x00000000e8280000,0x00000000e88e21b8,0x00000000e8980000)
  to   space 10752K, 0% used [0x00000000e7480000,0x00000000e7480000,0x00000000e7f00000)
 ParOldGen       total 50688K, used 13598K [0x00000000a0000000, 0x00000000a3180000, 0x00000000e0000000)
  object space 50688K, 26% used [0x00000000a0000000,0x00000000a0d47880,0x00000000a3180000)
 Metaspace       used 34630K, capacity 35348K, committed 35496K, reserved 1079296K
  class space    used 4766K, capacity 4997K, committed 5120K, reserved 1048576K
Event: 9.595 GC heap after
Heap after GC invocations=12 (full 2):
 PSYoungGen      total 114176K, used 0K [0x00000000e0000000, 0x00000000e8980000, 0x0000000100000000)
  eden space 107008K, 0% used [0x00000000e0000000,0x00000000e0000000,0x00000000e6880000)
  from space 7168K, 0% used [0x00000000e8280000,0x00000000e8280000,0x00000000e8980000)
  to   space 10752K, 0% used [0x00000000e7480000,0x00000000e7480000,0x00000000e7f00000)
 ParOldGen       total 72704K, used 16833K [0x00000000a0000000, 0x00000000a4700000, 0x00000000e0000000)
  object space 72704K, 23% used [0x00000000a0000000,0x00000000a1070738,0x00000000a4700000)
 Metaspace       used 34630K, capacity 35348K, committed 35496K, reserved 1079296K
  class space    used 4766K, capacity 4997K, committed 5120K, reserved 1048576K
}

